<?xml version="1.0" encoding="UTF-8"?>
<!-- Generated by org.testng.reporters.JUnitXMLReporter -->
<testsuite hostname="DESKTOP-1SF9GD8" ignored="0" name="Default test" tests="3" failures="0" timestamp="24 Nov 2018 11:28:19 GMT" time="14.116" errors="0">
  <testcase name="ClickOnAccount" time="0.293" classname="MavenGuru99Package.MavenGuru99Project.NewTest"/>
  <testcase name="VarifyLogin" time="3.556" classname="MavenGuru99Package.MavenGuru99Project.NewTest"/>
  <testcase name="LogOut" time="1.478" classname="MavenGuru99Package.MavenGuru99Project.NewTest"/>
</testsuite> <!-- Default test -->
