<?xml version="1.0" encoding="UTF-8"?>
<!-- Generated by org.testng.reporters.JUnitXMLReporter -->
<testsuite hostname="DESKTOP-1SF9GD8" ignored="0" name="Test" tests="3" failures="0" timestamp="25 Nov 2018 08:52:01 GMT" time="23.869" errors="0">
  <testcase name="ClickOnAccount" time="0.25" classname="MavenGuru99Package.MavenGuru99Project.NewTest"/>
  <testcase name="VarifyLogin" time="7.146" classname="MavenGuru99Package.MavenGuru99Project.NewTest"/>
  <testcase name="LogOut" time="3.161" classname="MavenGuru99Package.MavenGuru99Project.NewTest"/>
</testsuite> <!-- Test -->
