<?xml version="1.0" encoding="UTF-8"?>
<testng-results skipped="0" failed="0" ignored="0" total="3" passed="3">
  <reporter-output>
  </reporter-output>
  <suite name="Suite" duration-ms="23869" started-at="2018-11-25T08:51:37Z" finished-at="2018-11-25T08:52:01Z">
    <groups>
    </groups>
    <test name="Test" duration-ms="23869" started-at="2018-11-25T08:51:37Z" finished-at="2018-11-25T08:52:01Z">
      <class name="MavenGuru99Package.MavenGuru99Project.NewTest">
        <test-method status="PASS" signature="beforeSuite()[pri:0, instance:MavenGuru99Package.MavenGuru99Project.NewTest@4c203ea1]" name="beforeSuite" is-config="true" duration-ms="3610" started-at="2018-11-25T08:51:33Z" finished-at="2018-11-25T08:51:37Z">
          <reporter-output>
          </reporter-output>
        </test-method> <!-- beforeSuite -->
        <test-method status="PASS" signature="beforeTest()[pri:0, instance:MavenGuru99Package.MavenGuru99Project.NewTest@4c203ea1]" name="beforeTest" is-config="true" duration-ms="13231" started-at="2018-11-25T08:51:37Z" finished-at="2018-11-25T08:51:50Z">
          <reporter-output>
          </reporter-output>
        </test-method> <!-- beforeTest -->
        <test-method status="PASS" signature="ClickOnAccount()[pri:1, instance:MavenGuru99Package.MavenGuru99Project.NewTest@4c203ea1]" name="ClickOnAccount" duration-ms="250" started-at="2018-11-25T08:51:50Z" finished-at="2018-11-25T08:51:50Z">
          <reporter-output>
          </reporter-output>
        </test-method> <!-- ClickOnAccount -->
        <test-method status="PASS" signature="VarifyLogin()[pri:2, instance:MavenGuru99Package.MavenGuru99Project.NewTest@4c203ea1]" name="VarifyLogin" duration-ms="7146" started-at="2018-11-25T08:51:50Z" finished-at="2018-11-25T08:51:57Z">
          <reporter-output>
          </reporter-output>
        </test-method> <!-- VarifyLogin -->
        <test-method status="PASS" signature="LogOut()[pri:3, instance:MavenGuru99Package.MavenGuru99Project.NewTest@4c203ea1]" name="LogOut" duration-ms="3161" started-at="2018-11-25T08:51:57Z" finished-at="2018-11-25T08:52:01Z">
          <reporter-output>
          </reporter-output>
        </test-method> <!-- LogOut -->
        <test-method status="PASS" signature="closewindow()[pri:0, instance:MavenGuru99Package.MavenGuru99Project.NewTest@4c203ea1]" name="closewindow" is-config="true" duration-ms="336" started-at="2018-11-25T08:52:01Z" finished-at="2018-11-25T08:52:01Z">
          <reporter-output>
          </reporter-output>
        </test-method> <!-- closewindow -->
      </class> <!-- MavenGuru99Package.MavenGuru99Project.NewTest -->
    </test> <!-- Test -->
  </suite> <!-- Suite -->
</testng-results>
