<?xml version="1.0" encoding="UTF-8"?>
<testng-results skipped="0" failed="0" ignored="0" total="3" passed="3">
  <reporter-output>
  </reporter-output>
  <suite name="Default suite" duration-ms="14116" started-at="2018-11-24T11:28:05Z" finished-at="2018-11-24T11:28:19Z">
    <groups>
    </groups>
    <test name="Default test" duration-ms="14116" started-at="2018-11-24T11:28:05Z" finished-at="2018-11-24T11:28:19Z">
      <class name="MavenGuru99Package.MavenGuru99Project.NewTest">
        <test-method status="PASS" signature="beforeSuite()[pri:0, instance:MavenGuru99Package.MavenGuru99Project.NewTest@4493d195]" name="beforeSuite" is-config="true" duration-ms="4178" started-at="2018-11-24T11:28:01Z" finished-at="2018-11-24T11:28:05Z">
          <reporter-output>
          </reporter-output>
        </test-method> <!-- beforeSuite -->
        <test-method status="PASS" signature="beforeTest()[pri:0, instance:MavenGuru99Package.MavenGuru99Project.NewTest@4493d195]" name="beforeTest" is-config="true" duration-ms="8736" started-at="2018-11-24T11:28:05Z" finished-at="2018-11-24T11:28:14Z">
          <reporter-output>
          </reporter-output>
        </test-method> <!-- beforeTest -->
        <test-method status="PASS" signature="ClickOnAccount()[pri:1, instance:MavenGuru99Package.MavenGuru99Project.NewTest@4493d195]" name="ClickOnAccount" duration-ms="293" started-at="2018-11-24T11:28:14Z" finished-at="2018-11-24T11:28:14Z">
          <reporter-output>
          </reporter-output>
        </test-method> <!-- ClickOnAccount -->
        <test-method status="PASS" signature="VarifyLogin()[pri:2, instance:MavenGuru99Package.MavenGuru99Project.NewTest@4493d195]" name="VarifyLogin" duration-ms="3556" started-at="2018-11-24T11:28:14Z" finished-at="2018-11-24T11:28:18Z">
          <reporter-output>
          </reporter-output>
        </test-method> <!-- VarifyLogin -->
        <test-method status="PASS" signature="LogOut()[pri:3, instance:MavenGuru99Package.MavenGuru99Project.NewTest@4493d195]" name="LogOut" duration-ms="1478" started-at="2018-11-24T11:28:18Z" finished-at="2018-11-24T11:28:19Z">
          <reporter-output>
          </reporter-output>
        </test-method> <!-- LogOut -->
        <test-method status="PASS" signature="closewindow()[pri:0, instance:MavenGuru99Package.MavenGuru99Project.NewTest@4493d195]" name="closewindow" is-config="true" duration-ms="142" started-at="2018-11-24T11:28:19Z" finished-at="2018-11-24T11:28:20Z">
          <reporter-output>
          </reporter-output>
        </test-method> <!-- closewindow -->
      </class> <!-- MavenGuru99Package.MavenGuru99Project.NewTest -->
    </test> <!-- Default test -->
  </suite> <!-- Default suite -->
</testng-results>
